# JRE version: Java(TM) SE Runtime Environment (8.0_60-b27) (build 1.8.0_60-b27)
# Java VM: Java HotSpot(TM) 64-Bit Server VM (25.60-b23 mixed mode windows-amd64 compressed oops)
Heap:
 PSYoungGen      total 301056K, used 218773K [0x00000000eab00000, 0x00000000ff000000, 0x0000000100000000)
  eden space 276480K, 73% used [0x00000000eab00000,0x00000000f723de70,0x00000000fb900000)
  from space 24576K, 60% used [0x00000000fd080000,0x00000000fdee7678,0x00000000fe880000)
  to   space 24064K, 0% used [0x00000000fb900000,0x00000000fb900000,0x00000000fd080000)
 ParOldGen       total 172032K, used 43644K [0x00000000c0000000, 0x00000000ca800000, 0x00000000eab00000)
  object space 172032K, 25% used [0x00000000c0000000,0x00000000c2a9f140,0x00000000ca800000)
 Metaspace       used 62989K, capacity 65852K, committed 66344K, reserved 1107968K
  class space    used 8116K, capacity 8560K, committed 8744K, reserved 1048576K
GC Heap History (10 events):
Event: 2610.428 GC heap before
{Heap before GC invocations=38 (full 9):
 PSYoungGen      total 294400K, used 8082K [0x00000000eab00000, 0x00000000ff180000, 0x0000000100000000)
  eden space 286208K, 0% used [0x00000000eab00000,0x00000000eab00000,0x00000000fc280000)
  from space 8192K, 98% used [0x00000000fc580000,0x00000000fcd64ba0,0x00000000fcd80000)
  to   space 24064K, 0% used [0x00000000fda00000,0x00000000fda00000,0x00000000ff180000)
 ParOldGen       total 172032K, used 41470K [0x00000000c0000000, 0x00000000ca800000, 0x00000000eab00000)
  object space 172032K, 24% used [0x00000000c0000000,0x00000000c287fbc0,0x00000000ca800000)
 Metaspace       used 62375K, capacity 65204K, committed 65704K, reserved 1105920K
  class space    used 8102K, capacity 8524K, committed 8616K, reserved 1048576K
Event: 2610.747 GC heap after
Heap after GC invocations=38 (full 9):
 PSYoungGen      total 294400K, used 0K [0x00000000eab00000, 0x00000000ff180000, 0x0000000100000000)
  eden space 286208K, 0% used [0x00000000eab00000,0x00000000eab00000,0x00000000fc280000)
  from space 8192K, 0% used [0x00000000fc580000,0x00000000fc580000,0x00000000fcd80000)
  to   space 24064K, 0% used [0x00000000fda00000,0x00000000fda00000,0x00000000ff180000)
 ParOldGen       total 172032K, used 35298K [0x00000000c0000000, 0x00000000ca800000, 0x00000000eab00000)
  object space 172032K, 20% used [0x00000000c0000000,0x00000000c22788f0,0x00000000ca800000)
 Metaspace       used 61982K, capacity 64496K, committed 65704K, reserved 1105920K
  class space    used 8032K, capacity 8406K, committed 8616K, reserved 1048576K
}
Event: 3521.834 GC heap before
{Heap before GC invocations=39 (full 9):
 PSYoungGen      total 294400K, used 286208K [0x00000000eab00000, 0x00000000ff180000, 0x0000000100000000)
  eden space 286208K, 100% used [0x00000000eab00000,0x00000000fc280000,0x00000000fc280000)
  from space 8192K, 0% used [0x00000000fc580000,0x00000000fc580000,0x00000000fcd80000)
  to   space 24064K, 0% used [0x00000000fda00000,0x00000000fda00000,0x00000000ff180000)
 ParOldGen       total 172032K, used 35298K [0x00000000c0000000, 0x00000000ca800000, 0x00000000eab00000)
  object space 172032K, 20% used [0x00000000c0000000,0x00000000c22788f0,0x00000000ca800000)
 Metaspace       used 62333K, capacity 65056K, committed 65704K, reserved 1105920K
  class space    used 8082K, capacity 8482K, committed 8616K, reserved 1048576K
Event: 3521.878 GC heap after
Heap after GC invocations=39 (full 9):
 PSYoungGen      total 293376K, used 17322K [0x00000000eab00000, 0x00000000feb00000, 0x0000000100000000)
  eden space 275968K, 0% used [0x00000000eab00000,0x00000000eab00000,0x00000000fb880000)
  from space 17408K, 99% used [0x00000000fda00000,0x00000000feaea938,0x00000000feb00000)
  to   space 24576K, 0% used [0x00000000fbb00000,0x00000000fbb00000,0x00000000fd300000)
 ParOldGen       total 172032K, used 35306K [0x00000000c0000000, 0x00000000ca800000, 0x00000000eab00000)
  object space 172032K, 20% used [0x00000000c0000000,0x00000000c227a8f0,0x00000000ca800000)
 Metaspace       used 62333K, capacity 65056K, committed 65704K, reserved 1105920K
  class space    used 8082K, capacity 8482K, committed 8616K, reserved 1048576K
}
Event: 3524.990 GC heap before
{Heap before GC invocations=40 (full 9):
 PSYoungGen      total 293376K, used 119445K [0x00000000eab00000, 0x00000000feb00000, 0x0000000100000000)
  eden space 275968K, 37% used [0x00000000eab00000,0x00000000f0ebadc8,0x00000000fb880000)
  from space 17408K, 99% used [0x00000000fda00000,0x00000000feaea938,0x00000000feb00000)
  to   space 24576K, 0% used [0x00000000fbb00000,0x00000000fbb00000,0x00000000fd300000)
 ParOldGen       total 172032K, used 35306K [0x00000000c0000000, 0x00000000ca800000, 0x00000000eab00000)
  object space 172032K, 20% used [0x00000000c0000000,0x00000000c227a8f0,0x00000000ca800000)
 Metaspace       used 62427K, capacity 65100K, committed 65704K, reserved 1105920K
  class space    used 8088K, capacity 8516K, committed 8616K, reserved 1048576K
Event: 3525.017 GC heap after
Heap after GC invocations=40 (full 9):
 PSYoungGen      total 292864K, used 16659K [0x00000000eab00000, 0x00000000fe880000, 0x0000000100000000)
  eden space 275968K, 0% used [0x00000000eab00000,0x00000000eab00000,0x00000000fb880000)
  from space 16896K, 98% used [0x00000000fbb00000,0x00000000fcb44c78,0x00000000fcb80000)
  to   space 24576K, 0% used [0x00000000fd080000,0x00000000fd080000,0x00000000fe880000)
 ParOldGen       total 172032K, used 35314K [0x00000000c0000000, 0x00000000ca800000, 0x00000000eab00000)
  object space 172032K, 20% used [0x00000000c0000000,0x00000000c227c8f0,0x00000000ca800000)
 Metaspace       used 62427K, capacity 65100K, committed 65704K, reserved 1105920K
  class space    used 8088K, capacity 8516K, committed 8616K, reserved 1048576K
}
Event: 3525.017 GC heap before
{Heap before GC invocations=41 (full 10):
 PSYoungGen      total 292864K, used 16659K [0x00000000eab00000, 0x00000000fe880000, 0x0000000100000000)
  eden space 275968K, 0% used [0x00000000eab00000,0x00000000eab00000,0x00000000fb880000)
  from space 16896K, 98% used [0x00000000fbb00000,0x00000000fcb44c78,0x00000000fcb80000)
  to   space 24576K, 0% used [0x00000000fd080000,0x00000000fd080000,0x00000000fe880000)
 ParOldGen       total 172032K, used 35314K [0x00000000c0000000, 0x00000000ca800000, 0x00000000eab00000)
  object space 172032K, 20% used [0x00000000c0000000,0x00000000c227c8f0,0x00000000ca800000)
 Metaspace       used 62427K, capacity 65100K, committed 65704K, reserved 1105920K
  class space    used 8088K, capacity 8516K, committed 8616K, reserved 1048576K
Event: 3525.402 GC heap after
Heap after GC invocations=41 (full 10):
 PSYoungGen      total 292864K, used 0K [0x00000000eab00000, 0x00000000fe880000, 0x0000000100000000)
  eden space 275968K, 0% used [0x00000000eab00000,0x00000000eab00000,0x00000000fb880000)
  from space 16896K, 0% used [0x00000000fbb00000,0x00000000fbb00000,0x00000000fcb80000)
  to   space 24576K, 0% used [0x00000000fd080000,0x00000000fd080000,0x00000000fe880000)
 ParOldGen       total 172032K, used 43636K [0x00000000c0000000, 0x00000000ca800000, 0x00000000eab00000)
  object space 172032K, 25% used [0x00000000c0000000,0x00000000c2a9d140,0x00000000ca800000)
 Metaspace       used 62401K, capacity 65012K, committed 65704K, reserved 1105920K
  class space    used 8080K, capacity 8508K, committed 8616K, reserved 1048576K
}
Event: 3560.442 GC heap before
{Heap before GC invocations=42 (full 10):
 PSYoungGen      total 292864K, used 275968K [0x00000000eab00000, 0x00000000fe880000, 0x0000000100000000)
  eden space 275968K, 100% used [0x00000000eab00000,0x00000000fb880000,0x00000000fb880000)
  from space 16896K, 0% used [0x00000000fbb00000,0x00000000fbb00000,0x00000000fcb80000)
  to   space 24576K, 0% used [0x00000000fd080000,0x00000000fd080000,0x00000000fe880000)
 ParOldGen       total 172032K, used 43636K [0x00000000c0000000, 0x00000000ca800000, 0x00000000eab00000)
  object space 172032K, 25% used [0x00000000c0000000,0x00000000c2a9d140,0x00000000ca800000)
 Metaspace       used 62617K, capacity 65432K, committed 66088K, reserved 1105920K
  class space    used 8113K, capacity 8554K, committed 8744K, reserved 1048576K
Event: 3560.471 GC heap after
Heap after GC invocations=42 (full 10):
 PSYoungGen      total 301056K, used 14749K [0x00000000eab00000, 0x00000000ff000000, 0x0000000100000000)
  eden space 276480K, 0% used [0x00000000eab00000,0x00000000eab00000,0x00000000fb900000)
  from space 24576K, 60% used [0x00000000fd080000,0x00000000fdee7678,0x00000000fe880000)
  to   space 24064K, 0% used [0x00000000fb900000,0x00000000fb900000,0x00000000fd080000)
 ParOldGen       total 172032K, used 43644K [0x00000000c0000000, 0x00000000ca800000, 0x00000000eab00000)
  object space 172032K, 25% used [0x00000000c0000000,0x00000000c2a9f140,0x00000000ca800000)
 Metaspace       used 62617K, capacity 65432K, committed 66088K, reserved 1105920K
  class space    used 8113K, capacity 8554K, committed 8744K, reserved 1048576K
}

